  tutorial8.cpp
c:\users\plainview\desktop\newcastle uni\coursework1_graphics\graphics for games\8) index buffers\tutorial8.cpp(9): warning C4244: 'argument': conversion from 'time_t' to 'unsigned int', possible loss of data
  TextMesh.cpp
  Renderer.cpp
c:\users\plainview\desktop\newcastle uni\coursework1_graphics\graphics for games\8) index buffers\renderer.cpp(249): warning C4018: '<': signed/unsigned mismatch
c:\users\plainview\desktop\newcastle uni\coursework1_graphics\graphics for games\8) index buffers\renderer.cpp(321): warning C4244: 'argument': conversion from 'int' to 'const float', possible loss of data
c:\users\plainview\desktop\newcastle uni\coursework1_graphics\graphics for games\8) index buffers\renderer.cpp(337): warning C4244: 'argument': conversion from 'int' to 'const float', possible loss of data
c:\users\plainview\desktop\newcastle uni\coursework1_graphics\graphics for games\8) index buffers\renderer.cpp(358): warning C4244: 'argument': conversion from 'int' to 'const float', possible loss of data
c:\users\plainview\desktop\newcastle uni\coursework1_graphics\graphics for games\8) index buffers\renderer.cpp(367): warning C4244: 'argument': conversion from 'int' to 'const float', possible loss of data
c:\users\plainview\desktop\newcastle uni\coursework1_graphics\graphics for games\8) index buffers\renderer.cpp(430): warning C4244: 'argument': conversion from 'float' to 'int', possible loss of data
c:\users\plainview\desktop\newcastle uni\coursework1_graphics\graphics for games\8) index buffers\renderer.cpp(437): warning C4244: 'argument': conversion from 'int' to 'const float', possible loss of data
c:\users\plainview\desktop\newcastle uni\coursework1_graphics\graphics for games\8) index buffers\renderer.cpp(527): warning C4305: '+=': truncation from 'double' to 'float'
c:\users\plainview\desktop\newcastle uni\coursework1_graphics\graphics for games\8) index buffers\renderer.cpp(538): warning C4305: '-=': truncation from 'double' to 'float'
  PlanetSystem.cpp
c:\users\plainview\desktop\newcastle uni\coursework1_graphics\graphics for games\8) index buffers\planetsystem.cpp(50): warning C4305: 'argument': truncation from 'double' to 'float'
  Planet1Scene.cpp
c:\users\plainview\desktop\newcastle uni\coursework1_graphics\graphics for games\8) index buffers\planet1scene.cpp(9): warning C4244: 'argument': conversion from 'time_t' to 'unsigned int', possible loss of data
  ParticleEmitter.cpp
  Generating Code...
ParticleEmitter.obj : warning LNK4049: locally defined symbol ___glewActiveTexture imported
Renderer.obj : warning LNK4049: locally defined symbol ___glewActiveTexture imported
ParticleEmitter.obj : warning LNK4049: locally defined symbol ___glewBindBuffer imported
ParticleEmitter.obj : warning LNK4049: locally defined symbol ___glewBufferData imported
ParticleEmitter.obj : warning LNK4049: locally defined symbol ___glewBufferSubData imported
ParticleEmitter.obj : warning LNK4049: locally defined symbol ___glewDeleteBuffers imported
ParticleEmitter.obj : warning LNK4049: locally defined symbol ___glewGenBuffers imported
ParticleEmitter.obj : warning LNK4049: locally defined symbol ___glewEnableVertexAttribArray imported
ParticleEmitter.obj : warning LNK4049: locally defined symbol ___glewVertexAttribPointer imported
ParticleEmitter.obj : warning LNK4049: locally defined symbol ___glewBindVertexArray imported
Renderer.obj : warning LNK4049: locally defined symbol ___glewGetUniformLocation imported
Renderer.obj : warning LNK4049: locally defined symbol ___glewUniform1f imported
Renderer.obj : warning LNK4049: locally defined symbol ___glewUniform1i imported
Renderer.obj : warning LNK4049: locally defined symbol ___glewUniform3fv imported
Renderer.obj : warning LNK4049: locally defined symbol ___glewUniformMatrix4fv imported
Renderer.obj : warning LNK4049: locally defined symbol ___glewUseProgram imported
Renderer.obj : warning LNK4049: locally defined symbol ___glewBindFramebuffer imported
Renderer.obj : warning LNK4049: locally defined symbol ___glewFramebufferTexture2D imported
Renderer.obj : warning LNK4049: locally defined symbol ___glewGenFramebuffers imported
glew32.lib(glew.obj) : warning LNK4099: PDB 'vc120.pdb' was not found with 'glew32.lib(glew.obj)' or at 'C:\Users\plainview\Desktop\Newcastle Uni\Coursework1_graphics\Graphics For Games\Debug\vc120.pdb'; linking object as if no debug info
  Tutorial8.vcxproj -> C:\Users\plainview\Desktop\Newcastle Uni\Coursework1_graphics\Graphics For Games\Debug\Tutorial 08 - Index Buffers.exe
