c:\users\plainview\desktop\newcastle uni\source\repos\graphics\coursework1\graphics for games\8) index buffers\debug\vc141.pdb
c:\users\plainview\desktop\newcastle uni\source\repos\graphics\coursework1\graphics for games\8) index buffers\debug\vc141.idb
c:\users\plainview\desktop\newcastle uni\source\repos\graphics\coursework1\graphics for games\8) index buffers\debug\particleemitter.obj
c:\users\plainview\desktop\newcastle uni\source\repos\graphics\coursework1\graphics for games\8) index buffers\debug\planet1scene.obj
c:\users\plainview\desktop\newcastle uni\source\repos\graphics\coursework1\graphics for games\8) index buffers\debug\planetsystem.obj
c:\users\plainview\desktop\newcastle uni\source\repos\graphics\coursework1\graphics for games\8) index buffers\debug\renderer.obj
c:\users\plainview\desktop\newcastle uni\source\repos\graphics\coursework1\graphics for games\8) index buffers\debug\textmesh.obj
c:\users\plainview\desktop\newcastle uni\source\repos\graphics\coursework1\graphics for games\8) index buffers\debug\tutorial8.obj
c:\users\plainview\desktop\newcastle uni\coursework1_graphics\graphics for games\8) index buffers\debug\vc141.pdb
c:\users\plainview\desktop\newcastle uni\coursework1_graphics\graphics for games\8) index buffers\debug\vc141.idb
c:\users\plainview\desktop\newcastle uni\coursework1_graphics\graphics for games\8) index buffers\debug\particleemitter.obj
c:\users\plainview\desktop\newcastle uni\coursework1_graphics\graphics for games\8) index buffers\debug\planet1scene.obj
c:\users\plainview\desktop\newcastle uni\coursework1_graphics\graphics for games\8) index buffers\debug\planetsystem.obj
c:\users\plainview\desktop\newcastle uni\coursework1_graphics\graphics for games\8) index buffers\debug\renderer.obj
c:\users\plainview\desktop\newcastle uni\coursework1_graphics\graphics for games\8) index buffers\debug\textmesh.obj
c:\users\plainview\desktop\newcastle uni\coursework1_graphics\graphics for games\8) index buffers\debug\tutorial8.obj
c:\users\plainview\desktop\newcastle uni\source\repos\graphics\coursework1\graphics for games\debug\tutorial 08 - index buffers.exe
c:\users\plainview\desktop\newcastle uni\source\repos\graphics\coursework1\graphics for games\debug\tutorial 08 - index buffers.ilk
c:\users\plainview\desktop\newcastle uni\source\repos\graphics\coursework1\graphics for games\debug\tutorial 08 - index buffers.pdb
c:\users\plainview\desktop\newcastle uni\coursework1_graphics\graphics for games\debug\tutorial 08 - index buffers.exe
c:\users\plainview\desktop\newcastle uni\coursework1_graphics\graphics for games\debug\tutorial 08 - index buffers.ilk
c:\users\plainview\desktop\newcastle uni\coursework1_graphics\graphics for games\debug\tutorial 08 - index buffers.pdb
c:\users\plainview\desktop\newcastle uni\coursework1_graphics\graphics for games\8) index buffers\debug\tutorial.5844d912.tlog\cl.command.1.tlog
c:\users\plainview\desktop\newcastle uni\coursework1_graphics\graphics for games\8) index buffers\debug\tutorial.5844d912.tlog\cl.read.1.tlog
c:\users\plainview\desktop\newcastle uni\coursework1_graphics\graphics for games\8) index buffers\debug\tutorial.5844d912.tlog\cl.write.1.tlog
c:\users\plainview\desktop\newcastle uni\coursework1_graphics\graphics for games\8) index buffers\debug\tutorial.5844d912.tlog\link.command.1.tlog
c:\users\plainview\desktop\newcastle uni\coursework1_graphics\graphics for games\8) index buffers\debug\tutorial.5844d912.tlog\link.read.1.tlog
c:\users\plainview\desktop\newcastle uni\coursework1_graphics\graphics for games\8) index buffers\debug\tutorial.5844d912.tlog\link.write.1.tlog
