  Window.cpp
  Shader.cpp
  SceneNode.cpp
  Quaternion.cpp
  Plane.cpp
  OGLRenderer.cpp
c:\users\plainview\desktop\newcastle uni\coursework1_graphics\nclgl\oglrenderer.cpp(257): warning C4018: '<': signed/unsigned mismatch
  OBJMesh.cpp
  Mouse.cpp
  Mesh.cpp
  MD5Node.cpp
  MD5Mesh.cpp
  MD5FileData.cpp
  MD5Anim.cpp
  Matrix4.cpp
  Keyboard.cpp
  HeightMap.cpp
  GameTimer.cpp
  Frustum.cpp
  Camera.cpp
  Generating Code...
  nclgl.vcxproj -> C:\Users\plainview\Desktop\Newcastle Uni\Coursework1_graphics\Graphics For Games\Debug\nclgl.lib
