  Renderer.cpp
Renderer.cpp(247): warning C4018: '<': signed/unsigned mismatch
Renderer.cpp(314): warning C4244: 'argument': conversion from 'int' to 'const float', possible loss of data
Renderer.cpp(332): warning C4244: 'argument': conversion from 'int' to 'const float', possible loss of data
Renderer.cpp(355): warning C4244: 'argument': conversion from 'int' to 'const float', possible loss of data
Renderer.cpp(364): warning C4244: 'argument': conversion from 'int' to 'const float', possible loss of data
Renderer.cpp(425): warning C4244: 'argument': conversion from 'float' to 'int', possible loss of data
Renderer.cpp(432): warning C4244: 'argument': conversion from 'int' to 'const float', possible loss of data
Renderer.cpp(520): warning C4305: '+=': truncation from 'double' to 'float'
Renderer.cpp(531): warning C4305: '-=': truncation from 'double' to 'float'
MSVCRT.lib(initializers.obj) : warning LNK4098: defaultlib 'libcmt.lib' conflicts with use of other libs; use /NODEFAULTLIB:library
  Generating code
  2 of 1318 functions ( 0.2%) were compiled, the rest were copied from previous compilation.
    0 functions were new in current compilation
    89 functions had inline decision re-evaluated but remain unchanged
  Finished generating code
ParticleEmitter.obj : warning LNK4049: locally defined symbol ___glewDeleteBuffers imported
ParticleEmitter.obj : warning LNK4049: locally defined symbol ___glewGenBuffers imported
ParticleEmitter.obj : warning LNK4049: locally defined symbol ___glewActiveTexture imported
ParticleEmitter.obj : warning LNK4049: locally defined symbol ___glewBufferData imported
ParticleEmitter.obj : warning LNK4049: locally defined symbol ___glewBufferSubData imported
ParticleEmitter.obj : warning LNK4049: locally defined symbol ___glewBindBuffer imported
ParticleEmitter.obj : warning LNK4049: locally defined symbol ___glewVertexAttribPointer imported
ParticleEmitter.obj : warning LNK4049: locally defined symbol ___glewBindVertexArray imported
ParticleEmitter.obj : warning LNK4049: locally defined symbol ___glewEnableVertexAttribArray imported
Renderer.obj : warning LNK4049: locally defined symbol ___glewUniform3fv imported
Renderer.obj : warning LNK4049: locally defined symbol ___glewBindFramebuffer imported
Renderer.obj : warning LNK4049: locally defined symbol ___glewUniformMatrix4fv imported
Renderer.obj : warning LNK4049: locally defined symbol ___glewGenFramebuffers imported
Renderer.obj : warning LNK4049: locally defined symbol ___glewFramebufferTexture2D imported
Renderer.obj : warning LNK4049: locally defined symbol ___glewGetUniformLocation imported
Renderer.obj : warning LNK4049: locally defined symbol ___glewUniform1f imported
Renderer.obj : warning LNK4049: locally defined symbol ___glewUniform1i imported
Renderer.obj : warning LNK4049: locally defined symbol ___glewUseProgram imported
SOIL.lib(SOIL.obj) : warning LNK4099: PDB 'SOIL.pdb' was not found with 'SOIL.lib(SOIL.obj)' or at 'C:\Users\plainview\Desktop\Newcastle Uni\source\repos\Graphics\Coursework1\Graphics For Games\Release\SOIL.pdb'; linking object as if no debug info
SOIL.lib(image_helper.obj) : warning LNK4099: PDB 'SOIL.pdb' was not found with 'SOIL.lib(image_helper.obj)' or at 'C:\Users\plainview\Desktop\Newcastle Uni\source\repos\Graphics\Coursework1\Graphics For Games\Release\SOIL.pdb'; linking object as if no debug info
SOIL.lib(stb_image_aug.obj) : warning LNK4099: PDB 'SOIL.pdb' was not found with 'SOIL.lib(stb_image_aug.obj)' or at 'C:\Users\plainview\Desktop\Newcastle Uni\source\repos\Graphics\Coursework1\Graphics For Games\Release\SOIL.pdb'; linking object as if no debug info
SOIL.lib(image_DXT.obj) : warning LNK4099: PDB 'SOIL.pdb' was not found with 'SOIL.lib(image_DXT.obj)' or at 'C:\Users\plainview\Desktop\Newcastle Uni\source\repos\Graphics\Coursework1\Graphics For Games\Release\SOIL.pdb'; linking object as if no debug info
glew32.lib(glew.obj) : warning LNK4099: PDB 'vc120.pdb' was not found with 'glew32.lib(glew.obj)' or at 'C:\Users\plainview\Desktop\Newcastle Uni\source\repos\Graphics\Coursework1\Graphics For Games\Release\vc120.pdb'; linking object as if no debug info
  Tutorial8.vcxproj -> C:\Users\plainview\Desktop\Newcastle Uni\source\repos\Graphics\Coursework1\Graphics For Games\Release\Tutorial 08 - Index Buffers.exe
